<?xml version="1.0" encoding="utf-8"?><testsuites name="pytest tests"><testsuite name="pytest" errors="0" failures="0" skipped="0" tests="2" time="2.309" timestamp="2026-03-11T14:01:11.853330+00:00" hostname="agent-env-477049d0-f7d1-410b-93a8-95ab0ae55d1d"><testcase classname="backend.tests.test_review_regression_jan2026" name="test_delete_worker_endpoint" time="0.957" /><testcase classname="backend.tests.test_review_regression_jan2026" name="test_signature_and_verzenden_status_behavior" time="1.305" /></testsuite></testsuites>