<?xml version="1.0" encoding="utf-8"?><testsuites name="pytest tests"><testsuite name="pytest" errors="0" failures="0" skipped="0" tests="5" time="2.823" timestamp="2026-03-14T02:34:46.391652+00:00" hostname="agent-env-c13c6733-2dd4-4ac0-8df3-d5d89f53a73f"><testcase classname="backend.tests.test_oplevering_flow_jan2026" name="test_worker_login_still_works" time="0.640" /><testcase classname="backend.tests.test_oplevering_flow_jan2026" name="test_admin_login_still_works" time="0.075" /><testcase classname="backend.tests.test_oplevering_flow_jan2026" name="test_create_no_damage_oplevering_with_signature" time="0.448" /><testcase classname="backend.tests.test_oplevering_flow_jan2026" name="test_create_oplevering_rejects_schade_without_photos" time="0.356" /><testcase classname="backend.tests.test_oplevering_flow_jan2026" name="test_send_signed_oplevering_returns_success" time="1.244" /></testsuite></testsuites>