<?xml version="1.0" encoding="utf-8"?><testsuites name="pytest tests"><testsuite name="pytest" errors="0" failures="0" skipped="0" tests="16" time="18.735" timestamp="2026-03-11T18:54:22.571274+00:00" hostname="agent-env-929ac51d-3eb6-45ae-8aae-54133e74feeb"><testcase classname="backend.tests.test_rapport_features_jan2026.TestRapportWeek" name="test_rapport_week_returns_200" time="1.605" /><testcase classname="backend.tests.test_rapport_features_jan2026.TestRapportWeek" name="test_rapport_week_returns_list" time="0.652" /><testcase classname="backend.tests.test_rapport_features_jan2026.TestRapportWeek" name="test_rapport_week_contains_correct_fields" time="3.957" /><testcase classname="backend.tests.test_rapport_features_jan2026.TestRapportWeek" name="test_rapport_week_includes_test_worker" time="0.668" /><testcase classname="backend.tests.test_rapport_features_jan2026.TestRapportWeek" name="test_rapport_week_correct_uren" time="0.658" /><testcase classname="backend.tests.test_rapport_features_jan2026.TestRapportWeek" name="test_rapport_week_werven_breakdown" time="0.661" /><testcase classname="backend.tests.test_rapport_features_jan2026.TestRapportWeek" name="test_rapport_empty_week_returns_empty_list" time="0.655" /><testcase classname="backend.tests.test_rapport_features_jan2026.TestRapportWeek" name="test_rapport_week_without_params_returns_error_or_list" time="0.659" /><testcase classname="backend.tests.test_rapport_features_jan2026.TestRapportMaand" name="test_rapport_maand_returns_200" time="0.657" /><testcase classname="backend.tests.test_rapport_features_jan2026.TestRapportMaand" name="test_rapport_maand_returns_list" time="0.667" /><testcase classname="backend.tests.test_rapport_features_jan2026.TestRapportMaand" name="test_rapport_maand_includes_test_worker" time="0.662" /><testcase classname="backend.tests.test_rapport_features_jan2026.TestRapportMaand" name="test_rapport_maand_correct_fields" time="0.650" /><testcase classname="backend.tests.test_rapport_features_jan2026.TestRapportMaand" name="test_rapport_empty_maand_returns_empty_list" time="0.657" /><testcase classname="backend.tests.test_rapport_features_jan2026.TestWerkbonDupliceer" name="test_dupliceer_creates_new_werkbon" time="2.605" /><testcase classname="backend.tests.test_rapport_features_jan2026.TestWerkbonDupliceer" name="test_dupliceer_nonexistent_returns_404" time="0.660" /><testcase classname="backend.tests.test_rapport_features_jan2026" name="test_api_health" time="2.587" /></testsuite></testsuites>