<?xml version="1.0" encoding="utf-8"?><testsuites name="pytest tests"><testsuite name="pytest" errors="0" failures="0" skipped="0" tests="4" time="4.930" timestamp="2026-03-11T14:01:59.291857+00:00" hostname="agent-env-477049d0-f7d1-410b-93a8-95ab0ae55d1d"><testcase classname="backend.tests.test_review_regression_jan2026" name="test_delete_worker_endpoint" time="0.371" /><testcase classname="backend.tests.test_review_regression_jan2026" name="test_signature_and_verzenden_status_behavior" time="1.391" /><testcase classname="backend.tests.test_worker_onboarding_and_pdf_flow_jan2026" name="test_worker_onboarding_active_toggle_and_resend_info" time="1.175" /><testcase classname="backend.tests.test_worker_onboarding_and_pdf_flow_jan2026" name="test_signed_werkbon_send_handles_unverified_domain_without_500" time="1.926" /></testsuite></testsuites>