<?xml version="1.0" encoding="utf-8"?><testsuites name="pytest tests"><testsuite name="pytest" errors="0" failures="0" skipped="0" tests="4" time="3.079" timestamp="2026-03-14T03:33:03.748408+00:00" hostname="agent-env-c13c6733-2dd4-4ac0-8df3-d5d89f53a73f"><testcase classname="backend.tests.test_project_werkbon_and_theme_jan2026" name="test_project_werkbon_create_multiday_calculates_total_hours" time="0.912" /><testcase classname="backend.tests.test_project_werkbon_and_theme_jan2026" name="test_project_werkbon_verzenden_returns_pdf_filename" time="1.980" /><testcase classname="backend.tests.test_project_werkbon_and_theme_jan2026" name="test_app_settings_exposes_logo_theme_and_text_fields" time="0.061" /><testcase classname="backend.tests.test_project_werkbon_and_theme_jan2026" name="test_instellingen_payload_has_editable_theme_and_werkbon_text_fields" time="0.069" /></testsuite></testsuites>