<?xml version="1.0" encoding="utf-8"?><testsuites name="pytest tests"><testsuite name="pytest" errors="0" failures="0" skipped="0" tests="11" time="1.674" timestamp="2026-03-14T21:45:00.015187+00:00" hostname="agent-env-652e5f83-f2ca-401c-8511-87dec883b021"><testcase classname="backend.tests.test_productie_and_planning_jan2026.TestHealth" name="test_backend_health" time="0.283" /><testcase classname="backend.tests.test_productie_and_planning_jan2026.TestProductieWerkbonEndpoints" name="test_get_productie_werkbonnen_unknown_user_returns_404" time="0.037" /><testcase classname="backend.tests.test_productie_and_planning_jan2026.TestProductieWerkbonEndpoints" name="test_get_productie_werkbonnen_valid_user" time="0.140" /><testcase classname="backend.tests.test_productie_and_planning_jan2026.TestProductieWerkbonEndpoints" name="test_get_productie_werkbonnen_admin_user" time="0.142" /><testcase classname="backend.tests.test_productie_and_planning_jan2026.TestProductieWerkbonEndpoints" name="test_create_productie_werkbon" time="0.194" /><testcase classname="backend.tests.test_productie_and_planning_jan2026.TestProductieWerkbonEndpoints" name="test_get_productie_werkbon_by_id" time="0.028" /><testcase classname="backend.tests.test_productie_and_planning_jan2026.TestProductieWerkbonEndpoints" name="test_get_nonexistent_productie_werkbon_returns_404" time="0.069" /><testcase classname="backend.tests.test_productie_and_planning_jan2026.TestProductieWerkbonEndpoints" name="test_delete_productie_werkbon" time="0.142" /><testcase classname="backend.tests.test_productie_and_planning_jan2026.TestPlanningBevestig" name="test_bevestig_planning_endpoint_exists" time="0.224" /><testcase classname="backend.tests.test_productie_and_planning_jan2026.TestPlanningBevestig" name="test_bevestig_planning_stores_timestamp" time="0.070" /><testcase classname="backend.tests.test_productie_and_planning_jan2026.TestPlanningBevestig" name="test_bevestig_nonexistent_planning_returns_404" time="0.284" /></testsuite></testsuites>