<?xml version="1.0" encoding="utf-8"?><testsuites name="pytest tests"><testsuite name="pytest" errors="0" failures="0" skipped="0" tests="10" time="17.330" timestamp="2026-03-11T17:27:43.084439+00:00" hostname="agent-env-00137483-4a48-4203-8b1c-7976fe4b9ae1"><testcase classname="backend.tests.test_new_features_jan2026.TestKlantWithBtwNummer" name="test_create_klant_with_btw_nummer" time="2.074" /><testcase classname="backend.tests.test_new_features_jan2026.TestKlantWithBtwNummer" name="test_create_klant_without_btw_nummer" time="1.317" /><testcase classname="backend.tests.test_new_features_jan2026.TestKlantWithBtwNummer" name="test_klant_btw_nummer_persists_after_update" time="2.588" /><testcase classname="backend.tests.test_new_features_jan2026.TestWerkbonList" name="test_get_werkbonnen_as_admin" time="1.737" /><testcase classname="backend.tests.test_new_features_jan2026.TestWerkbonList" name="test_werkbonnen_list_contains_required_fields" time="1.088" /><testcase classname="backend.tests.test_new_features_jan2026.TestWerkbonDelete" name="test_delete_werkbon" time="2.606" /><testcase classname="backend.tests.test_new_features_jan2026.TestWerkbonDelete" name="test_delete_nonexistent_werkbon_returns_404" time="0.657" /><testcase classname="backend.tests.test_new_features_jan2026.TestWerkbonDuplicate" name="test_duplicate_werkbon" time="2.585" /><testcase classname="backend.tests.test_new_features_jan2026.TestWerkbonDuplicate" name="test_duplicate_nonexistent_werkbon_returns_404" time="0.652" /><testcase classname="backend.tests.test_new_features_jan2026" name="test_api_health" time="1.961" /></testsuite></testsuites>