<?xml version="1.0" encoding="utf-8"?><testsuites name="pytest tests"><testsuite name="pytest" errors="0" failures="0" skipped="0" tests="3" time="1.177" timestamp="2026-03-14T00:16:07.403927+00:00" hostname="agent-env-c13c6733-2dd4-4ac0-8df3-d5d89f53a73f"><testcase classname="backend.tests.test_worker_login_delete_health_jan2026" name="test_health_endpoint_healthy" time="0.715" /><testcase classname="backend.tests.test_worker_login_delete_health_jan2026" name="test_active_worker_login_success" time="0.262" /><testcase classname="backend.tests.test_worker_login_delete_health_jan2026" name="test_delete_non_admin_temp_user" time="0.146" /></testsuite></testsuites>