<?xml version="1.0" encoding="utf-8"?><testsuites name="pytest tests"><testsuite name="pytest" errors="0" failures="0" skipped="0" tests="8" time="6.031" timestamp="2026-03-11T16:09:20.939579+00:00" hostname="agent-env-477049d0-f7d1-410b-93a8-95ab0ae55d1d"><testcase classname="backend.tests.test_review_regression_jan2026" name="test_delete_worker_endpoint" time="0.368" /><testcase classname="backend.tests.test_review_regression_jan2026" name="test_signature_and_verzenden_status_behavior" time="2.114" /><testcase classname="backend.tests.test_role_based_overview_and_email_template_jan2026" name="test_worker_api_scope_only_own_werkbonnen" time="0.174" /><testcase classname="backend.tests.test_role_based_overview_and_email_template_jan2026" name="test_admin_overview_api_contains_multiple_accounts" time="0.120" /><testcase classname="backend.tests.test_role_based_overview_and_email_template_jan2026" name="test_email_brand_helper_strips_test_suffix" time="0.364" /><testcase classname="backend.tests.test_role_based_overview_and_email_template_jan2026" name="test_welcome_mail_sender_and_formal_instruction_template" time="0.002" /><testcase classname="backend.tests.test_worker_onboarding_and_pdf_flow_jan2026" name="test_worker_onboarding_active_toggle_and_resend_info" time="1.220" /><testcase classname="backend.tests.test_worker_onboarding_and_pdf_flow_jan2026" name="test_signed_werkbon_send_handles_unverified_domain_without_500" time="1.604" /></testsuite></testsuites>